LOG_PIPELINE: 2025/02/13 15:38:15 main.go:26: Starting Log Pipeline...
LOG_PIPELINE: 2025/02/13 15:38:15 main.go:40: Loaded Config: log_file=logs.txt, output_file=output.json, num_workers=5
LOG_PIPELINE: 2025/02/13 15:40:20 main.go:26: Starting Log Pipeline...
LOG_PIPELINE: 2025/02/13 15:40:20 main.go:40: Loaded Config: log_file=logs.txt, output_file=output.json, num_workers=5
LOG_PIPELINE: 2025/02/13 15:41:47 main.go:26: Starting Log Pipeline...
LOG_PIPELINE: 2025/02/13 15:41:47 main.go:40: Loaded Config: log_file=logs.txt, output_file=output.json, num_workers=5
LOG_PIPELINE: 2025/02/13 15:41:47 main.go:89: All logs processed successfully.
LOG_PIPELINE: 2025/02/13 15:41:47 main.go:97: Log processing complete.
LOG_PIPELINE: 2025/02/13 15:41:47 main.go:98: Shutting down gracefully...
LOG_PIPELINE: 2025/02/13 15:42:47 main.go:26: Starting Log Pipeline...
LOG_PIPELINE: 2025/02/13 15:42:47 main.go:40: Loaded Config: log_file=logs.txt, output_file=output.json, num_workers=5
LOG_PIPELINE: 2025/02/13 15:42:47 main.go:89: All logs processed successfully.
LOG_PIPELINE: 2025/02/13 15:42:47 main.go:97: Log processing complete.
LOG_PIPELINE: 2025/02/13 15:42:47 main.go:98: Shutting down gracefully...
LOG_PIPELINE: 2025/02/13 17:54:54 main.go:26: Starting Log Pipeline...
LOG_PIPELINE: 2025/02/13 17:54:54 main.go:40: Loaded Config: log_file=logs.txt, output_file=output.json, num_workers=5
LOG_PIPELINE: 2025/02/13 17:54:54 main.go:89: All logs processed successfully.
LOG_PIPELINE: 2025/02/13 17:54:54 main.go:97: Log processing complete.
LOG_PIPELINE: 2025/02/13 17:54:54 main.go:98: Shutting down gracefully...
LOG_PIPELINE: 2025/02/13 17:57:13 main.go:26: Starting Log Pipeline...
LOG_PIPELINE: 2025/02/13 17:57:13 main.go:40: Loaded Config: log_file=logs.txt, output_file=output.json, num_workers=5
LOG_PIPELINE: 2025/02/13 17:57:13 main.go:89: All logs processed successfully.
LOG_PIPELINE: 2025/02/13 17:57:13 main.go:97: Log processing complete.
LOG_PIPELINE: 2025/02/13 17:57:13 main.go:98: Shutting down gracefully...
LOG_PIPELINE: 2025/02/13 17:57:48 main.go:26: Starting Log Pipeline...
LOG_PIPELINE: 2025/02/13 17:57:48 main.go:40: Loaded Config: log_file=logs.txt, output_file=output.json, num_workers=5
LOG_PIPELINE: 2025/02/13 17:57:48 processor.go:19: Found error log: &{Timestamp:2025-02-11 15:34:10 Level:ERROR Message:Could not write to file system}
LOG_PIPELINE: 2025/02/13 17:57:48 processor.go:19: Found error log: &{Timestamp:2025-02-11 15:31:10 Level:ERROR Message:Failed to connect to database}
LOG_PIPELINE: 2025/02/13 17:57:48 main.go:89: All logs processed successfully.
LOG_PIPELINE: 2025/02/13 17:57:48 main.go:97: Log processing complete.
LOG_PIPELINE: 2025/02/13 17:57:48 main.go:98: Shutting down gracefully...
